
> docs@1.0.0 build /Users/promer94/workspace/nextra/examples/docs
> next build

You have i18n enabled for Nextra.
info  - Checking validity of types...
info  - Creating an optimized production build...
info  - Compiled successfully
info  - Collecting page data...
info  - Generating static pages (0/27)
opts {
  filename: 'hello-world.en.md',
  route: '/blog/hello-world',
  meta: {},
  pageMap: [
    { name: 'blog', children: [Array], route: '/blog' },
    { name: 'index', route: '/', locale: 'en' },
    { name: 'meta.json', meta: [Object], locale: 'ar' },
    { name: 'meta.json', meta: [Object], locale: 'en' },
    { name: 'meta.json', meta: [Object], locale: 'zh' },
    { name: 'nextra', children: [Array], route: '/nextra' }
  ],
  titleText: 'My first post!',
  headings: [
    {
      type: 'heading',
      depth: 1,
      children: [Array],
      position: [Object]
    }
  ]
}
opts {
  filename: 'hello-world.en.md',
  route: '/blog/hello-world',
  meta: {},
  pageMap: [
    { name: 'blog', children: [Array], route: '/blog' },
    { name: 'index', route: '/', locale: 'en' },
    { name: 'meta.json', meta: [Object], locale: 'ar' },
    { name: 'meta.json', meta: [Object], locale: 'en' },
    { name: 'meta.json', meta: [Object], locale: 'zh' },
    { name: 'nextra', children: [Array], route: '/nextra' }
  ],
  titleText: 'My first post!',
  headings: [
    {
      type: 'heading',
      depth: 1,
      children: [Array],
      position: [Object]
    }
  ]
}
opts {
  filename: 'about.ar.md',
  route: '/nextra/about',
  meta: {},
  pageMap: [
    { name: 'blog', children: [Array], route: '/blog' },
    { name: 'index', route: '/', locale: 'ar' },
    { name: 'meta.json', meta: [Object], locale: 'ar' },
    { name: 'meta.json', meta: [Object], locale: 'en' },
    { name: 'meta.json', meta: [Object], locale: 'zh' },
    { name: 'nextra', children: [Array], route: '/nextra' }
  ],
  titleText: 'About',
  headings: [
    {
      type: 'heading',
      depth: 1,
      children: [Array],
      position: [Object]
    }
  ]
}
opts {
  filename: 'about.en.md',
  route: '/nextra/about',
  meta: {},
  pageMap: [
    { name: 'blog', children: [Array], route: '/blog' },
    { name: 'index', route: '/', locale: 'en' },
    { name: 'meta.json', meta: [Object], locale: 'ar' },
    { name: 'meta.json', meta: [Object], locale: 'en' },
    { name: 'meta.json', meta: [Object], locale: 'zh' },
    { name: 'nextra', children: [Array], route: '/nextra' }
  ],
  titleText: 'About',
  headings: [
    {
      type: 'heading',
      depth: 1,
      children: [Array],
      position: [Object]
    },
    {
      type: 'heading',
      depth: 2,
      children: [Array],
      position: [Object]
    },
    {
      type: 'heading',
      depth: 1,
      children: [Array],
      position: [Object]
    },
    {
      type: 'heading',
      depth: 2,
      children: [Array],
      position: [Object]
    },
    {
      type: 'heading',
      depth: 3,
      children: [Array],
      position: [Object]
    },
    {
      type: 'heading',
      depth: 4,
      children: [Array],
      position: [Object]
    },
    {
      type: 'heading',
      depth: 5,
      children: [Array],
      position: [Object]
    },
    {
      type: 'heading',
      depth: 6,
      children: [Array],
      position: [Object]
    }
  ]
}
opts {
  filename: 'hello-world.en.md',
  route: '/blog/hello-world',
  meta: {},
  pageMap: [
    { name: 'blog', children: [Array], route: '/blog' },
    { name: 'index', route: '/', locale: 'en' },
    { name: 'meta.json', meta: [Object], locale: 'ar' },
    { name: 'meta.json', meta: [Object], locale: 'en' },
    { name: 'meta.json', meta: [Object], locale: 'zh' },
    { name: 'nextra', children: [Array], route: '/nextra' }
  ],
  titleText: 'My first post!',
  headings: [
    {
      type: 'heading',
      depth: 1,
      children: [Array],
      position: [Object]
    }
  ]
}
opts {
  filename: 'image.en.md',
  route: '/nextra/image',
  meta: {},
  pageMap: [
    { name: 'blog', children: [Array], route: '/blog' },
    { name: 'index', route: '/', locale: 'en' },
    { name: 'meta.json', meta: [Object], locale: 'ar' },
    { name: 'meta.json', meta: [Object], locale: 'en' },
    { name: 'meta.json', meta: [Object], locale: 'zh' },
    { name: 'nextra', children: [Array], route: '/nextra' }
  ],
  titleText: 'Image Component',
  headings: [
    {
      type: 'heading',
      depth: 1,
      children: [Array],
      position: [Object]
    }
  ]
}
opts {
  filename: 'about.zh.md',
  route: '/nextra/about',
  meta: {},
  pageMap: [
    { name: 'blog', children: [Array], route: '/blog' },
    { name: 'index', route: '/', locale: 'zh' },
    { name: 'meta.json', meta: [Object], locale: 'ar' },
    { name: 'meta.json', meta: [Object], locale: 'en' },
    { name: 'meta.json', meta: [Object], locale: 'zh' },
    { name: 'nextra', children: [Array], route: '/nextra' }
  ],
  titleText: '关于',
  headings: [
    {
      type: 'heading',
      depth: 1,
      children: [Array],
      position: [Object]
    }
  ]
}
opts {
  filename: 'test.en.mdx',
  route: '/nextra/test',
  meta: {},
  pageMap: [
    { name: 'blog', children: [Array], route: '/blog' },
    { name: 'index', route: '/', locale: 'en' },
    { name: 'meta.json', meta: [Object], locale: 'ar' },
    { name: 'meta.json', meta: [Object], locale: 'en' },
    { name: 'meta.json', meta: [Object], locale: 'zh' },
    { name: 'nextra', children: [Array], route: '/nextra' }
  ],
  titleText: 'Test',
  headings: [
    {
      type: 'heading',
      depth: 1,
      children: [Array],
      position: [Object]
    },
    {
      type: 'heading',
      depth: 2,
      children: [Array],
      position: [Object]
    },
    {
      type: 'heading',
      depth: 2,
      children: [Array],
      position: [Object]
    },
    {
      type: 'heading',
      depth: 2,
      children: [Array],
      position: [Object]
    },
    {
      type: 'heading',
      depth: 2,
      children: [Array],
      position: [Object]
    },
    {
      type: 'heading',
      depth: 2,
      children: [Array],
      position: [Object]
    }
  ]
}
info  - Generating static pages (6/27)
opts {
  filename: 'test.en.mdx',
  route: '/nextra/test',
  meta: {},
  pageMap: [
    { name: 'blog', children: [Array], route: '/blog' },
    { name: 'index', route: '/', locale: 'en' },
    { name: 'meta.json', meta: [Object], locale: 'ar' },
    { name: 'meta.json', meta: [Object], locale: 'en' },
    { name: 'meta.json', meta: [Object], locale: 'zh' },
    { name: 'nextra', children: [Array], route: '/nextra' }
  ],
  titleText: 'Test',
  headings: [
    {
      type: 'heading',
      depth: 1,
      children: [Array],
      position: [Object]
    },
    {
      type: 'heading',
      depth: 2,
      children: [Array],
      position: [Object]
    },
    {
      type: 'heading',
      depth: 2,
      children: [Array],
      position: [Object]
    },
    {
      type: 'heading',
      depth: 2,
      children: [Array],
      position: [Object]
    },
    {
      type: 'heading',
      depth: 2,
      children: [Array],
      position: [Object]
    },
    {
      type: 'heading',
      depth: 2,
      children: [Array],
      position: [Object]
    }
  ]
}
opts {
  filename: 'test.en.mdx',
  route: '/nextra/test',
  meta: {},
  pageMap: [
    { name: 'blog', children: [Array], route: '/blog' },
    { name: 'index', route: '/', locale: 'en' },
    { name: 'meta.json', meta: [Object], locale: 'ar' },
    { name: 'meta.json', meta: [Object], locale: 'en' },
    { name: 'meta.json', meta: [Object], locale: 'zh' },
    { name: 'nextra', children: [Array], route: '/nextra' }
  ],
  titleText: 'Test',
  headings: [
    {
      type: 'heading',
      depth: 1,
      children: [Array],
      position: [Object]
    },
    {
      type: 'heading',
      depth: 2,
      children: [Array],
      position: [Object]
    },
    {
      type: 'heading',
      depth: 2,
      children: [Array],
      position: [Object]
    },
    {
      type: 'heading',
      depth: 2,
      children: [Array],
      position: [Object]
    },
    {
      type: 'heading',
      depth: 2,
      children: [Array],
      position: [Object]
    },
    {
      type: 'heading',
      depth: 2,
      children: [Array],
      position: [Object]
    }
  ]
}
opts {
  filename: 'test.en.mdx',
  route: '/nextra/test',
  meta: {},
  pageMap: [
    { name: 'blog', children: [Array], route: '/blog' },
    { name: 'index', route: '/', locale: 'en' },
    { name: 'meta.json', meta: [Object], locale: 'ar' },
    { name: 'meta.json', meta: [Object], locale: 'en' },
    { name: 'meta.json', meta: [Object], locale: 'zh' },
    { name: 'nextra', children: [Array], route: '/nextra' }
  ],
  titleText: 'Test',
  headings: [
    {
      type: 'heading',
      depth: 1,
      children: [Array],
      position: [Object]
    },
    {
      type: 'heading',
      depth: 2,
      children: [Array],
      position: [Object]
    },
    {
      type: 'heading',
      depth: 2,
      children: [Array],
      position: [Object]
    },
    {
      type: 'heading',
      depth: 2,
      children: [Array],
      position: [Object]
    },
    {
      type: 'heading',
      depth: 2,
      children: [Array],
      position: [Object]
    },
    {
      type: 'heading',
      depth: 2,
      children: [Array],
      position: [Object]
    }
  ]
}
opts {
  filename: 'image.en.md',
  route: '/nextra/image',
  meta: {},
  pageMap: [
    { name: 'blog', children: [Array], route: '/blog' },
    { name: 'index', route: '/', locale: 'en' },
    { name: 'meta.json', meta: [Object], locale: 'ar' },
    { name: 'meta.json', meta: [Object], locale: 'en' },
    { name: 'meta.json', meta: [Object], locale: 'zh' },
    { name: 'nextra', children: [Array], route: '/nextra' }
  ],
  titleText: 'Image Component',
  headings: [
    {
      type: 'heading',
      depth: 1,
      children: [Array],
      position: [Object]
    }
  ]
}
opts {
  filename: 'image.en.md',
  route: '/nextra/image',
  meta: {},
  pageMap: [
    { name: 'blog', children: [Array], route: '/blog' },
    { name: 'index', route: '/', locale: 'en' },
    { name: 'meta.json', meta: [Object], locale: 'ar' },
    { name: 'meta.json', meta: [Object], locale: 'en' },
    { name: 'meta.json', meta: [Object], locale: 'zh' },
    { name: 'nextra', children: [Array], route: '/nextra' }
  ],
  titleText: 'Image Component',
  headings: [
    {
      type: 'heading',
      depth: 1,
      children: [Array],
      position: [Object]
    }
  ]
}
opts {
  filename: 'image.en.md',
  route: '/nextra/image',
  meta: {},
  pageMap: [
    { name: 'blog', children: [Array], route: '/blog' },
    { name: 'index', route: '/', locale: 'en' },
    { name: 'meta.json', meta: [Object], locale: 'ar' },
    { name: 'meta.json', meta: [Object], locale: 'en' },
    { name: 'meta.json', meta: [Object], locale: 'zh' },
    { name: 'nextra', children: [Array], route: '/nextra' }
  ],
  titleText: 'Image Component',
  headings: [
    {
      type: 'heading',
      depth: 1,
      children: [Array],
      position: [Object]
    }
  ]
}
opts {
  filename: 'index.en.mdx',
  route: '/',
  meta: {},
  pageMap: [
    { name: 'blog', children: [Array], route: '/blog' },
    { name: 'index', route: '/', locale: 'en' },
    { name: 'meta.json', meta: [Object], locale: 'ar' },
    { name: 'meta.json', meta: [Object], locale: 'en' },
    { name: 'meta.json', meta: [Object], locale: 'zh' },
    { name: 'nextra', children: [Array], route: '/nextra' }
  ],
  titleText: 'Akira',
  headings: [
    {
      type: 'heading',
      depth: 1,
      children: [Array],
      position: [Object]
    }
  ]
}
opts {
  filename: 'index.zh.mdx',
  route: '/',
  meta: {},
  pageMap: [
    { name: 'blog', children: [Array], route: '/blog' },
    { name: 'index', route: '/', locale: 'zh' },
    { name: 'meta.json', meta: [Object], locale: 'ar' },
    { name: 'meta.json', meta: [Object], locale: 'en' },
    { name: 'meta.json', meta: [Object], locale: 'zh' },
    { name: 'nextra', children: [Array], route: '/nextra' }
  ],
  titleText: '阿基拉',
  headings: [
    {
      type: 'heading',
      depth: 1,
      children: [Array],
      position: [Object]
    }
  ]
}
opts {
  filename: 'index.ar.mdx',
  route: '/',
  meta: {},
  pageMap: [
    { name: 'blog', children: [Array], route: '/blog' },
    { name: 'index', route: '/', locale: 'ar' },
    { name: 'meta.json', meta: [Object], locale: 'ar' },
    { name: 'meta.json', meta: [Object], locale: 'en' },
    { name: 'meta.json', meta: [Object], locale: 'zh' },
    { name: 'nextra', children: [Array], route: '/nextra' }
  ],
  titleText: 'أكيرا',
  headings: [
    {
      type: 'heading',
      depth: 1,
      children: [Array],
      position: [Object]
    }
  ]
}
info  - Generating static pages (13/27)
info  - Generating static pages (20/27)
opts {
  filename: 'hello-world.en.md',
  route: '/blog/hello-world',
  meta: {},
  pageMap: [
    { name: 'blog', children: [Array], route: '/blog' },
    { name: 'index', route: '/', locale: 'en' },
    { name: 'meta.json', meta: [Object], locale: 'ar' },
    { name: 'meta.json', meta: [Object], locale: 'en' },
    { name: 'meta.json', meta: [Object], locale: 'zh' },
    { name: 'nextra', children: [Array], route: '/nextra' }
  ],
  titleText: 'My first post!',
  headings: [
    {
      type: 'heading',
      depth: 1,
      children: [Array],
      position: [Object]
    }
  ]
}
opts {
  filename: 'about.en.md',
  route: '/nextra/about',
  meta: {},
  pageMap: [
    { name: 'blog', children: [Array], route: '/blog' },
    { name: 'index', route: '/', locale: 'en' },
    { name: 'meta.json', meta: [Object], locale: 'ar' },
    { name: 'meta.json', meta: [Object], locale: 'en' },
    { name: 'meta.json', meta: [Object], locale: 'zh' },
    { name: 'nextra', children: [Array], route: '/nextra' }
  ],
  titleText: 'About',
  headings: [
    {
      type: 'heading',
      depth: 1,
      children: [Array],
      position: [Object]
    },
    {
      type: 'heading',
      depth: 2,
      children: [Array],
      position: [Object]
    },
    {
      type: 'heading',
      depth: 1,
      children: [Array],
      position: [Object]
    },
    {
      type: 'heading',
      depth: 2,
      children: [Array],
      position: [Object]
    },
    {
      type: 'heading',
      depth: 3,
      children: [Array],
      position: [Object]
    },
    {
      type: 'heading',
      depth: 4,
      children: [Array],
      position: [Object]
    },
    {
      type: 'heading',
      depth: 5,
      children: [Array],
      position: [Object]
    },
    {
      type: 'heading',
      depth: 6,
      children: [Array],
      position: [Object]
    }
  ]
}
info  - Generating static pages (27/27)
info  - Finalizing page optimization...

Page                                       Size     First Load JS
┌ ● /                                      2.69 kB         138 kB
├   /_app                                  0 B              94 kB
├ ○ /404                                   193 B          94.2 kB
├ ○ /blog/hello-world                      1.14 kB         137 kB
├ ○ /nextra/about                          3.73 kB         139 kB
├ ○ /nextra/image                          1.73 kB         137 kB
└ ○ /nextra/test                           3.68 kB         139 kB
+ First Load JS shared by all              94 kB
  ├ chunks/framework-5de986fd8d706253.js   42 kB
  ├ chunks/main-b1c24b963aeedb07.js        29 kB
  ├ chunks/pages/_app-bca49e049c1dbd57.js  22.1 kB
  ├ chunks/webpack-b927671265afed5e.js     841 B
  └ css/dc503333f1c31be5.css               5.46 kB

○  (Static)  automatically rendered as static HTML (uses no initial props)
●  (SSG)     automatically generated as static HTML + JSON (uses getStaticProps)

warn  - No ESLint configuration detected. Run next lint to begin setup
